<?xml version="1.0" encoding="UTF-8"?>
<!-- Generated by org.testng.reporters.JUnitReportReporter -->
<testsuite hostname="DESKTOP-V6S2GU6" failures="0" tests="1" name="tests.TestsClass" time="6.250" errors="0" timestamp="2024-06-09T08:54:38 CEST" skipped="0">
  <testcase classname="tests.TestsClass" name="Test03_GetAllUsers" time="6.250"/>
</testsuite> <!-- tests.TestsClass -->
